c:\users\кирилл\desktop\isodetector_0\isodetector\debug\isodetector.pch
c:\users\кирилл\desktop\isodetector_0\isodetector\debug\vc142.pdb
c:\users\кирилл\desktop\isodetector_0\isodetector\debug\vc142.idb
c:\users\кирилл\desktop\isodetector_0\isodetector\debug\stdafx.obj
c:\users\кирилл\desktop\isodetector_0\isodetector\debug\isodetector.obj
c:\users\кирилл\desktop\isodetector_0\isodetector\debug\isod.obj
c:\users\кирилл\desktop\isodetector_0\debug\isodetector.exe
c:\users\кирилл\desktop\isodetector_0\debug\isodetector.ilk
c:\users\кирилл\desktop\isodetector_0\debug\isodetector.pdb
c:\users\кирилл\desktop\isodetector_0\isodetector\debug\isodetector.res
c:\users\кирилл\desktop\isodetector_0\isodetector\debug\vc141.idb
c:\users\кирилл\desktop\isodetector_0\isodetector\debug\vc141.pdb
c:\users\кирилл\desktop\isodetector_0\isodetector\debug\isodetector.tlog\cl.command.1.tlog
c:\users\кирилл\desktop\isodetector_0\isodetector\debug\isodetector.tlog\cl.read.1.tlog
c:\users\кирилл\desktop\isodetector_0\isodetector\debug\isodetector.tlog\cl.write.1.tlog
c:\users\кирилл\desktop\isodetector_0\isodetector\debug\isodetector.tlog\link.command.1.tlog
c:\users\кирилл\desktop\isodetector_0\isodetector\debug\isodetector.tlog\link.read.1.tlog
c:\users\кирилл\desktop\isodetector_0\isodetector\debug\isodetector.tlog\link.write.1.tlog
c:\users\кирилл\desktop\isodetector_0\isodetector\debug\isodetector.tlog\rc.command.1.tlog
c:\users\кирилл\desktop\isodetector_0\isodetector\debug\isodetector.tlog\rc.read.1.tlog
c:\users\кирилл\desktop\isodetector_0\isodetector\debug\isodetector.tlog\rc.write.1.tlog
